<?xml version="1.0" encoding="UTF-8"?>
<!-- Generated by org.testng.reporters.JUnitXMLReporter -->
<testsuite hostname="LAPTOP-JOPOHLMU" ignored="0" name="Test" tests="2" failures="2" timestamp="01 Jul 2020 09:29:06 GMT" time="67.904" errors="0">
  <testcase name="feature" time="53.191" classname="com.appium.bdd.learnpython.regressionrunner.RegressionRunner">
    <failure type="cucumber.runtime.CucumberException" message="java.lang.Exception: Exception from AppiumDriverManager.initializeDriver: Not implemented yet for pageLoad.
Build info: version: &amp;apos;4.0.0-alpha-1&amp;apos;, revision: &amp;apos;d1d3728cae&amp;apos;, time: &amp;apos;2019-04-24T13:42:21&amp;apos;
System info: host: &amp;apos;LAPTOP-JOPOHLMU&amp;apos;, ip: &amp;apos;192.168.43.175&amp;apos;, os.name: &amp;apos;Windows 10&amp;apos;, os.arch: &amp;apos;amd64&amp;apos;, os.version: &amp;apos;10.0&amp;apos;, java.version: &amp;apos;1.8.0_221&amp;apos;
Driver info: io.appium.java_client.AppiumDriver
Capabilities {appActivity: com.sololearn.app.MainActivity, appPackage: com.sololearn.python, databaseEnabled: false, desired: {appActivity: com.sololearn.app.MainActivity, appPackage: com.sololearn.python, deviceName: Honor 9N, platformName: android, platformVersion: 9, udid: CYG3Y18719020630}, deviceApiLevel: 28, deviceManufacturer: HUAWEI, deviceModel: LLD-AL20, deviceName: CYG3Y18719020630, deviceScreenDensity: 480, deviceScreenSize: 1080x2280, deviceUDID: CYG3Y18719020630, javascriptEnabled: true, locationContextEnabled: false, networkConnectionEnabled: true, pixelRatio: 3, platform: LINUX, platformName: Android, platformVersion: 9, statBarHeight: 90, takesScreenshot: true, udid: CYG3Y18719020630, viewportRect: {height: 1970, left: 0, top: 90, width: 1080}, warnings: {}, webStorageEnabled: false}
Session ID: 86a0effa-0176-4ff9-9e05-e247a0508f7f">
      <![CDATA[cucumber.runtime.CucumberException: java.lang.Exception: Exception from AppiumDriverManager.initializeDriver: Not implemented yet for pageLoad.
Build info: version: '4.0.0-alpha-1', revision: 'd1d3728cae', time: '2019-04-24T13:42:21'
System info: host: 'LAPTOP-JOPOHLMU', ip: '192.168.43.175', os.name: 'Windows 10', os.arch: 'amd64', os.version: '10.0', java.version: '1.8.0_221'
Driver info: io.appium.java_client.AppiumDriver
Capabilities {appActivity: com.sololearn.app.MainActivity, appPackage: com.sololearn.python, databaseEnabled: false, desired: {appActivity: com.sololearn.app.MainActivity, appPackage: com.sololearn.python, deviceName: Honor 9N, platformName: android, platformVersion: 9, udid: CYG3Y18719020630}, deviceApiLevel: 28, deviceManufacturer: HUAWEI, deviceModel: LLD-AL20, deviceName: CYG3Y18719020630, deviceScreenDensity: 480, deviceScreenSize: 1080x2280, deviceUDID: CYG3Y18719020630, javascriptEnabled: true, locationContextEnabled: false, networkConnectionEnabled: true, pixelRatio: 3, platform: LINUX, platformName: Android, platformVersion: 9, statBarHeight: 90, takesScreenshot: true, udid: CYG3Y18719020630, viewportRect: {height: 1970, left: 0, top: 90, width: 1080}, warnings: {}, webStorageEnabled: false}
Session ID: 86a0effa-0176-4ff9-9e05-e247a0508f7f
	at cucumber.api.testng.TestNGCucumberRunner.runCucumber(TestNGCucumberRunner.java:69)
	at com.appium.bdd.learnpython.regressionrunner.RegressionRunner.feature(RegressionRunner.java:55)
Caused by: java.lang.Exception: Exception from AppiumDriverManager.initializeDriver: Not implemented yet for pageLoad.
Build info: version: '4.0.0-alpha-1', revision: 'd1d3728cae', time: '2019-04-24T13:42:21'
System info: host: 'LAPTOP-JOPOHLMU', ip: '192.168.43.175', os.name: 'Windows 10', os.arch: 'amd64', os.version: '10.0', java.version: '1.8.0_221'
Driver info: io.appium.java_client.AppiumDriver
Capabilities {appActivity: com.sololearn.app.MainActivity, appPackage: com.sololearn.python, databaseEnabled: false, desired: {appActivity: com.sololearn.app.MainActivity, appPackage: com.sololearn.python, deviceName: Honor 9N, platformName: android, platformVersion: 9, udid: CYG3Y18719020630}, deviceApiLevel: 28, deviceManufacturer: HUAWEI, deviceModel: LLD-AL20, deviceName: CYG3Y18719020630, deviceScreenDensity: 480, deviceScreenSize: 1080x2280, deviceUDID: CYG3Y18719020630, javascriptEnabled: true, locationContextEnabled: false, networkConnectionEnabled: true, pixelRatio: 3, platform: LINUX, platformName: Android, platformVersion: 9, statBarHeight: 90, takesScreenshot: true, udid: CYG3Y18719020630, viewportRect: {height: 1970, left: 0, top: 90, width: 1080}, warnings: {}, webStorageEnabled: false}
Session ID: 86a0effa-0176-4ff9-9e05-e247a0508f7f
	at com.appium.bdd.learnpython.utils.AppiumDriverManager.initializeDriver(AppiumDriverManager.java:47)
	at com.appium.bdd.learnpython.stepdefinitions.Hooks.BeforeEachScenario(Hooks.java:26)
	at cucumber.runtime.Utils$1.call(Utils.java:40)
	at cucumber.runtime.Timeout.timeout(Timeout.java:16)
	at cucumber.runtime.Utils.invoke(Utils.java:34)
	at cucumber.runtime.java.JavaHookDefinition.execute(JavaHookDefinition.java:60)
	at cucumber.runtime.Runtime.runHookIfTagsMatch(Runtime.java:224)
	at cucumber.runtime.Runtime.runHooks(Runtime.java:212)
	at cucumber.runtime.Runtime.runBeforeHooks(Runtime.java:202)
	at cucumber.runtime.model.CucumberScenario.run(CucumberScenario.java:40)
	at cucumber.runtime.model.CucumberFeature.run(CucumberFeature.java:165)
	at cucumber.api.testng.TestNGCucumberRunner.runCucumber(TestNGCucumberRunner.java:63)
	... 26 more
... Removed 29 stack frames]]>
    </failure>
  </testcase> <!-- feature -->
  <testcase name="feature" time="13.719" classname="com.appium.bdd.learnpython.regressionrunner.RegressionRunner">
    <failure type="cucumber.runtime.CucumberException" message="java.lang.Exception: Exception from AppiumDriverManager.initializeDriver: Not implemented yet for pageLoad.
Build info: version: &amp;apos;4.0.0-alpha-1&amp;apos;, revision: &amp;apos;d1d3728cae&amp;apos;, time: &amp;apos;2019-04-24T13:42:21&amp;apos;
System info: host: &amp;apos;LAPTOP-JOPOHLMU&amp;apos;, ip: &amp;apos;192.168.43.175&amp;apos;, os.name: &amp;apos;Windows 10&amp;apos;, os.arch: &amp;apos;amd64&amp;apos;, os.version: &amp;apos;10.0&amp;apos;, java.version: &amp;apos;1.8.0_221&amp;apos;
Driver info: io.appium.java_client.AppiumDriver
Capabilities {appActivity: com.sololearn.app.MainActivity, appPackage: com.sololearn.python, databaseEnabled: false, desired: {appActivity: com.sololearn.app.MainActivity, appPackage: com.sololearn.python, deviceName: Honor 9N, platformName: android, platformVersion: 9, udid: CYG3Y18719020630}, deviceApiLevel: 28, deviceManufacturer: HUAWEI, deviceModel: LLD-AL20, deviceName: CYG3Y18719020630, deviceScreenDensity: 480, deviceScreenSize: 1080x2280, deviceUDID: CYG3Y18719020630, javascriptEnabled: true, locationContextEnabled: false, networkConnectionEnabled: true, pixelRatio: 3, platform: LINUX, platformName: Android, platformVersion: 9, statBarHeight: 90, takesScreenshot: true, udid: CYG3Y18719020630, viewportRect: {height: 1970, left: 0, top: 90, width: 1080}, warnings: {}, webStorageEnabled: false}
Session ID: 009656d7-5f0f-46d5-aab1-0039fdb53577">
      <![CDATA[cucumber.runtime.CucumberException: java.lang.Exception: Exception from AppiumDriverManager.initializeDriver: Not implemented yet for pageLoad.
Build info: version: '4.0.0-alpha-1', revision: 'd1d3728cae', time: '2019-04-24T13:42:21'
System info: host: 'LAPTOP-JOPOHLMU', ip: '192.168.43.175', os.name: 'Windows 10', os.arch: 'amd64', os.version: '10.0', java.version: '1.8.0_221'
Driver info: io.appium.java_client.AppiumDriver
Capabilities {appActivity: com.sololearn.app.MainActivity, appPackage: com.sololearn.python, databaseEnabled: false, desired: {appActivity: com.sololearn.app.MainActivity, appPackage: com.sololearn.python, deviceName: Honor 9N, platformName: android, platformVersion: 9, udid: CYG3Y18719020630}, deviceApiLevel: 28, deviceManufacturer: HUAWEI, deviceModel: LLD-AL20, deviceName: CYG3Y18719020630, deviceScreenDensity: 480, deviceScreenSize: 1080x2280, deviceUDID: CYG3Y18719020630, javascriptEnabled: true, locationContextEnabled: false, networkConnectionEnabled: true, pixelRatio: 3, platform: LINUX, platformName: Android, platformVersion: 9, statBarHeight: 90, takesScreenshot: true, udid: CYG3Y18719020630, viewportRect: {height: 1970, left: 0, top: 90, width: 1080}, warnings: {}, webStorageEnabled: false}
Session ID: 009656d7-5f0f-46d5-aab1-0039fdb53577
	at cucumber.api.testng.TestNGCucumberRunner.runCucumber(TestNGCucumberRunner.java:69)
	at com.appium.bdd.learnpython.regressionrunner.RegressionRunner.feature(RegressionRunner.java:55)
Caused by: java.lang.Exception: Exception from AppiumDriverManager.initializeDriver: Not implemented yet for pageLoad.
Build info: version: '4.0.0-alpha-1', revision: 'd1d3728cae', time: '2019-04-24T13:42:21'
System info: host: 'LAPTOP-JOPOHLMU', ip: '192.168.43.175', os.name: 'Windows 10', os.arch: 'amd64', os.version: '10.0', java.version: '1.8.0_221'
Driver info: io.appium.java_client.AppiumDriver
Capabilities {appActivity: com.sololearn.app.MainActivity, appPackage: com.sololearn.python, databaseEnabled: false, desired: {appActivity: com.sololearn.app.MainActivity, appPackage: com.sololearn.python, deviceName: Honor 9N, platformName: android, platformVersion: 9, udid: CYG3Y18719020630}, deviceApiLevel: 28, deviceManufacturer: HUAWEI, deviceModel: LLD-AL20, deviceName: CYG3Y18719020630, deviceScreenDensity: 480, deviceScreenSize: 1080x2280, deviceUDID: CYG3Y18719020630, javascriptEnabled: true, locationContextEnabled: false, networkConnectionEnabled: true, pixelRatio: 3, platform: LINUX, platformName: Android, platformVersion: 9, statBarHeight: 90, takesScreenshot: true, udid: CYG3Y18719020630, viewportRect: {height: 1970, left: 0, top: 90, width: 1080}, warnings: {}, webStorageEnabled: false}
Session ID: 009656d7-5f0f-46d5-aab1-0039fdb53577
	at com.appium.bdd.learnpython.utils.AppiumDriverManager.initializeDriver(AppiumDriverManager.java:47)
	at com.appium.bdd.learnpython.stepdefinitions.Hooks.BeforeEachScenario(Hooks.java:26)
	at cucumber.runtime.Utils$1.call(Utils.java:40)
	at cucumber.runtime.Timeout.timeout(Timeout.java:16)
	at cucumber.runtime.Utils.invoke(Utils.java:34)
	at cucumber.runtime.java.JavaHookDefinition.execute(JavaHookDefinition.java:60)
	at cucumber.runtime.Runtime.runHookIfTagsMatch(Runtime.java:224)
	at cucumber.runtime.Runtime.runHooks(Runtime.java:212)
	at cucumber.runtime.Runtime.runBeforeHooks(Runtime.java:202)
	at cucumber.runtime.model.CucumberScenario.run(CucumberScenario.java:40)
	at cucumber.runtime.model.CucumberFeature.run(CucumberFeature.java:165)
	at cucumber.api.testng.TestNGCucumberRunner.runCucumber(TestNGCucumberRunner.java:63)
	... 26 more
... Removed 29 stack frames]]>
    </failure>
  </testcase> <!-- feature -->
</testsuite> <!-- Test -->
